2025-12-11 11:30:45,561 - ERROR - HTTP 410 for https://api.openaq.org/v2/latest?city=Delhi
2025-12-11 11:30:48,222 - ERROR - HTTP 410 for https://api.openaq.org/v2/latest?city=Delhi
2025-12-11 11:30:50,609 - ERROR - HTTP 410 for https://api.openaq.org/v2/latest?city=Delhi
2025-12-11 11:30:52,610 - ERROR - FAILED after 3 retries \u2192 https://api.openaq.org/v2/latest?city=Delhi
2025-12-11 11:30:53,214 - ERROR - HTTP 410 for https://api.openaq.org/v2/latest?city=Bengaluru
2025-12-11 11:30:55,722 - ERROR - HTTP 410 for https://api.openaq.org/v2/latest?city=Bengaluru
2025-12-11 11:30:58,291 - ERROR - HTTP 410 for https://api.openaq.org/v2/latest?city=Bengaluru
2025-12-11 11:31:00,291 - ERROR - FAILED after 3 retries \u2192 https://api.openaq.org/v2/latest?city=Bengaluru
2025-12-11 11:31:00,751 - ERROR - HTTP 410 for https://api.openaq.org/v2/latest?city=Hyderabad
2025-12-11 11:31:03,256 - ERROR - HTTP 410 for https://api.openaq.org/v2/latest?city=Hyderabad
2025-12-11 11:31:06,169 - ERROR - HTTP 410 for https://api.openaq.org/v2/latest?city=Hyderabad
2025-12-11 11:31:08,170 - ERROR - FAILED after 3 retries \u2192 https://api.openaq.org/v2/latest?city=Hyderabad
2025-12-11 11:31:08,968 - ERROR - HTTP 410 for https://api.openaq.org/v2/latest?city=Mumbai
2025-12-11 11:31:11,809 - ERROR - HTTP 410 for https://api.openaq.org/v2/latest?city=Mumbai
2025-12-11 11:31:14,487 - ERROR - HTTP 410 for https://api.openaq.org/v2/latest?city=Mumbai
2025-12-11 11:31:16,488 - ERROR - FAILED after 3 retries \u2192 https://api.openaq.org/v2/latest?city=Mumbai
2025-12-11 11:31:17,338 - ERROR - HTTP 410 for https://api.openaq.org/v2/latest?city=Kolkata
2025-12-11 11:31:19,792 - ERROR - HTTP 410 for https://api.openaq.org/v2/latest?city=Kolkata
2025-12-11 11:31:22,168 - ERROR - HTTP 410 for https://api.openaq.org/v2/latest?city=Kolkata
2025-12-11 11:31:24,169 - ERROR - FAILED after 3 retries \u2192 https://api.openaq.org/v2/latest?city=Kolkata
2025-12-11 11:35:03,165 - ERROR - HTTP 410 for https://api.openaq.org/v2/latest?city=Delhi
2025-12-11 11:35:05,635 - ERROR - HTTP 410 for https://api.openaq.org/v2/latest?city=Delhi
2025-12-11 11:35:08,160 - ERROR - HTTP 410 for https://api.openaq.org/v2/latest?city=Delhi
2025-12-11 11:35:10,161 - ERROR - FAILED after 3 retries \u2192 https://api.openaq.org/v2/latest?city=Delhi
2025-12-11 11:35:10,663 - ERROR - HTTP 410 for https://api.openaq.org/v2/latest?city=Bengaluru
2025-12-11 11:35:13,057 - ERROR - HTTP 410 for https://api.openaq.org/v2/latest?city=Bengaluru
2025-12-11 11:35:15,506 - ERROR - HTTP 410 for https://api.openaq.org/v2/latest?city=Bengaluru
2025-12-11 11:35:17,507 - ERROR - FAILED after 3 retries \u2192 https://api.openaq.org/v2/latest?city=Bengaluru
2025-12-11 11:35:18,058 - ERROR - HTTP 410 for https://api.openaq.org/v2/latest?city=Hyderabad
2025-12-11 11:35:20,665 - ERROR - HTTP 410 for https://api.openaq.org/v2/latest?city=Hyderabad
2025-12-11 11:35:23,279 - ERROR - HTTP 410 for https://api.openaq.org/v2/latest?city=Hyderabad
2025-12-11 11:35:25,279 - ERROR - FAILED after 3 retries \u2192 https://api.openaq.org/v2/latest?city=Hyderabad
2025-12-11 11:35:27,365 - ERROR - HTTP 410 for https://api.openaq.org/v2/latest?city=Mumbai
2025-12-11 11:35:30,582 - ERROR - HTTP 410 for https://api.openaq.org/v2/latest?city=Mumbai
2025-12-11 11:35:33,569 - ERROR - HTTP 410 for https://api.openaq.org/v2/latest?city=Mumbai
2025-12-11 11:35:35,571 - ERROR - FAILED after 3 retries \u2192 https://api.openaq.org/v2/latest?city=Mumbai
2025-12-11 11:35:37,257 - ERROR - HTTP 410 for https://api.openaq.org/v2/latest?city=Kolkata
2025-12-11 11:35:40,460 - ERROR - HTTP 410 for https://api.openaq.org/v2/latest?city=Kolkata
2025-12-11 11:35:44,538 - ERROR - HTTP 410 for https://api.openaq.org/v2/latest?city=Kolkata
2025-12-11 11:35:46,539 - ERROR - FAILED after 3 retries \u2192 https://api.openaq.org/v2/latest?city=Kolkata
